Arguments: 
  /Users/xmiles/.nvm/versions/node/v16.12.0/bin/node /Users/xmiles/.nvm/versions/node/v16.12.0/bin/yarn add electron -S-D

PATH: 
  /Users/xmiles/.nvm/versions/node/v16.12.0/bin:/opt/homebrew/bin:/opt/homebrew/sbin:/usr/local/bin:/usr/bin:/bin:/usr/sbin:/sbin:/Library/Apple/usr/bin

Yarn version: 
  1.22.19

Node version: 
  16.12.0

Platform: 
  darwin arm64

Trace: 
  Error: http://registry.npmmirror.com/-D: Not found
      at Request.params.callback [as _callback] (/Users/xmiles/.nvm/versions/node/v16.12.0/lib/node_modules/yarn/lib/cli.js:66145:18)
      at Request.self.callback (/Users/xmiles/.nvm/versions/node/v16.12.0/lib/node_modules/yarn/lib/cli.js:140890:22)
      at Request.emit (node:events:390:28)
      at Request.<anonymous> (/Users/xmiles/.nvm/versions/node/v16.12.0/lib/node_modules/yarn/lib/cli.js:141862:10)
      at Request.emit (node:events:390:28)
      at IncomingMessage.<anonymous> (/Users/xmiles/.nvm/versions/node/v16.12.0/lib/node_modules/yarn/lib/cli.js:141784:12)
      at Object.onceWrapper (node:events:509:28)
      at IncomingMessage.emit (node:events:402:35)
      at endReadableNT (node:internal/streams/readable:1343:12)
      at processTicksAndRejections (node:internal/process/task_queues:83:21)

npm manifest: 
  {
    "name": "electron-app",
    "version": "1.0.0",
    "description": "",
    "main": "index.js",
    "scripts": {
      "test": "echo \"Error: no test specified\" && exit 1"
    },
    "author": "",
    "license": "ISC"
  }

yarn manifest: 
  No manifest

Lockfile: 
  No lockfile
